<?xml version="1.0" encoding="UTF-8"?>
<!-- Generated by org.testng.reporters.JUnitXMLReporter -->
<testsuite ignored="0" hostname="Narsingoju" failures="4" tests="4" name="Datadriven(failed)" time="140.177" errors="0" timestamp="2022-06-23T07:44:54 IST">
  <testcase classname="com.inetbanking.testcases.TC_loginDatadriven_002" name="logindatadriven" time="28.157">
    <failure type="java.lang.AssertionError" message="expected [true] but found [false]">
      <![CDATA[java.lang.AssertionError: expected [true] but found [false]
at com.inetbanking.testcases.TC_loginDatadriven_002.logindatadriven(TC_loginDatadriven_002.java:31)
at java.base/java.util.ArrayList.forEach(ArrayList.java:1511)
... Removed 31 stack frames]]>
    </failure>
  </testcase> <!-- logindatadriven -->
  <testcase classname="com.inetbanking.testcases.TC_loginDatadriven_002" name="logindatadriven" time="27.178">
    <failure type="java.lang.AssertionError" message="expected [true] but found [false]">
      <![CDATA[java.lang.AssertionError: expected [true] but found [false]
at com.inetbanking.testcases.TC_loginDatadriven_002.logindatadriven(TC_loginDatadriven_002.java:31)
at java.base/java.util.ArrayList.forEach(ArrayList.java:1511)
... Removed 31 stack frames]]>
    </failure>
  </testcase> <!-- logindatadriven -->
  <testcase classname="com.inetbanking.testcases.TC_loginDatadriven_002" name="logindatadriven" time="27.166">
    <failure type="java.lang.AssertionError" message="expected [true] but found [false]">
      <![CDATA[java.lang.AssertionError: expected [true] but found [false]
at com.inetbanking.testcases.TC_loginDatadriven_002.logindatadriven(TC_loginDatadriven_002.java:31)
at java.base/java.util.ArrayList.forEach(ArrayList.java:1511)
... Removed 31 stack frames]]>
    </failure>
  </testcase> <!-- logindatadriven -->
  <testcase classname="com.inetbanking.testcases.TC_loginDatadriven_002" name="logindatadriven" time="27.733">
    <failure type="java.lang.AssertionError" message="expected [true] but found [false]">
      <![CDATA[java.lang.AssertionError: expected [true] but found [false]
at com.inetbanking.testcases.TC_loginDatadriven_002.logindatadriven(TC_loginDatadriven_002.java:31)
at java.base/java.util.ArrayList.forEach(ArrayList.java:1511)
... Removed 31 stack frames]]>
    </failure>
  </testcase> <!-- logindatadriven -->
</testsuite> <!-- Datadriven(failed) -->
