<?xml version="1.0" encoding="UTF-8"?>
<!-- Generated by org.testng.reporters.JUnitXMLReporter -->
<testsuite ignored="0" hostname="Narsingoju" failures="4" tests="5" name="Datadriven" time="111.972" errors="0" timestamp="2022-06-25T07:59:10 IST">
  <testcase classname="com.inetbanking.testcases.TC_loginDatadriven_002" name="logindatadriven" time="20.349">
    <failure type="java.lang.AssertionError" message="expected [true] but found [false]">
      <![CDATA[java.lang.AssertionError: expected [true] but found [false]
at com.inetbanking.testcases.TC_loginDatadriven_002.logindatadriven(TC_loginDatadriven_002.java:31)
at java.base/java.util.ArrayList.forEach(ArrayList.java:1511)
... Removed 31 stack frames]]>
    </failure>
  </testcase> <!-- logindatadriven -->
  <testcase classname="com.inetbanking.testcases.TC_loginDatadriven_002" name="logindatadriven" time="7.974">
    <failure type="java.lang.AssertionError" message="expected [true] but found [false]">
      <![CDATA[java.lang.AssertionError: expected [true] but found [false]
at com.inetbanking.testcases.TC_loginDatadriven_002.logindatadriven(TC_loginDatadriven_002.java:31)
at java.base/java.util.ArrayList.forEach(ArrayList.java:1511)
... Removed 31 stack frames]]>
    </failure>
  </testcase> <!-- logindatadriven -->
  <testcase classname="com.inetbanking.testcases.TC_loginDatadriven_002" name="logindatadriven" time="20.705">
    <failure type="java.lang.AssertionError" message="expected [true] but found [false]">
      <![CDATA[java.lang.AssertionError: expected [true] but found [false]
at com.inetbanking.testcases.TC_loginDatadriven_002.logindatadriven(TC_loginDatadriven_002.java:31)
at java.base/java.util.ArrayList.forEach(ArrayList.java:1511)
... Removed 31 stack frames]]>
    </failure>
  </testcase> <!-- logindatadriven -->
  <testcase classname="com.inetbanking.testcases.TC_loginDatadriven_002" name="logindatadriven" time="28.276">
    <failure type="java.lang.AssertionError" message="expected [true] but found [false]">
      <![CDATA[java.lang.AssertionError: expected [true] but found [false]
at com.inetbanking.testcases.TC_loginDatadriven_002.logindatadriven(TC_loginDatadriven_002.java:31)
at java.base/java.util.ArrayList.forEach(ArrayList.java:1511)
... Removed 31 stack frames]]>
    </failure>
  </testcase> <!-- logindatadriven -->
  <testcase classname="com.inetbanking.testcases.TC_loginDatadriven_002" name="logindatadriven" time="23.83"/>
</testsuite> <!-- Datadriven -->
